#
# A fatal error has been detected by the Java Runtime Environment:
#
#  EXCEPTION_UNCAUGHT_CXX_EXCEPTION (0xe06d7363) at pc=0x00007ffbb1ab4fd9, pid=17820, tid=0x0000000000003c2c
#
# JRE version: Java(TM) SE Runtime Environment (8.0_212-b10) (build 1.8.0_212-b10)
# Java VM: Java HotSpot(TM) 64-Bit Server VM (25.212-b10 mixed mode windows-amd64 compressed oops)
# Problematic frame:
# C  [KERNELBASE.dll+0x34fd9]
#
# Failed to write core dump. Minidumps are not enabled by default on client versions of Windows
#
# If you would like to submit a bug report, please visit:
#   http://bugreport.java.com/bugreport/crash.jsp
# The crash happened outside the Java Virtual Machine in native code.
# See problematic frame for where to report the bug.
#

---------------  T H R E A D  ---------------

Current thread (0x000002635766a800):  JavaThread "main" [_thread_in_native, id=15404, stack(0x000000c71bc00000,0x000000c71bdf0000)]

siginfo: ExceptionCode=0xe06d7363, ExceptionInformation=0x0000000019930520 0x000000c71bdecd60 0x00007ffb3ee9f2f8 0x00007ffb3ee30000 

Registers:
RAX=0x000002634e9e0d20, RBX=0x00007ffb3ee9f2f8, RCX=0x0000000000000000, RDX=0xffffffffffffffff
RSP=0x000000c71bdecba0, RBP=0x000000c71bdece59, RSI=0x000000c71bdecd60, RDI=0x0000000019930520
R8 =0x000000c71bdec4e9, R9 =0x0000000000000002, R10=0x00007ffbb3d7b3c7, R11=0x000002634e9e0000
R12=0x000000c71bdecee8, R13=0x0000026355364660, R14=0x000002637521bd68, R15=0x0000026355369c18
RIP=0x00007ffbb1ab4fd9, EFLAGS=0x0000000000000202

Top of Stack: (sp=0x000000c71bdecba0)
0x000000c71bdecba0:   0000026351f1cf60 00007ffb3ee9f2f8
0x000000c71bdecbb0:   000000c71bdecd60 0000000000000001
0x000000c71bdecbc0:   00000001e06d7363 0000000000000000
0x000000c71bdecbd0:   00007ffbb1ab4fd9 000000c700000004
0x000000c71bdecbe0:   0000000019930520 000000c71bdecd60
0x000000c71bdecbf0:   00007ffb3ee9f2f8 00007ffb3ee30000
0x000000c71bdecc00:   0000026355364660 000000c71bdecee8
0x000000c71bdecc10:   000000c71bdecd60 000000c71bdece59
0x000000c71bdecc20:   000000c71bdecca0 00007ffbb3d84a5f
0x000000c71bdecc30:   0000000019930520 0000c79b00000000
0x000000c71bdecc40:   0000000000000000 00007ffb3ee4aa94
0x000000c71bdecc50:   00007ffb3eea6000 00007ffb3ee30000
0x000000c71bdecc60:   0000bbcadcaab03a 00007ffb3f633285
0x000000c71bdecc70:   00007ffb3ee9f2f8 00007ffb94976480
0x000000c71bdecc80:   000000c71bdecd20 000000c71bdece59
0x000000c71bdecc90:   000000c71bdece38 00007ffb3ee47693 

Instructions: (pc=0x00007ffbb1ab4fd9)
0x00007ffbb1ab4fb9:   8b d1 44 0f 47 c0 44 89 44 24 38 49 c1 e0 03 e8
0x00007ffbb1ab4fc9:   0a 1e 06 00 48 8d 4c 24 20 48 ff 15 d7 e6 18 00
0x00007ffbb1ab4fd9:   0f 1f 44 00 00 48 8b 8c 24 c0 00 00 00 48 33 cc
0x00007ffbb1ab4fe9:   e8 52 96 05 00 48 81 c4 d8 00 00 00 c3 cc 83 64 


Register to memory mapping:

RAX=0x000002634e9e0d20 is an unknown value
RBX=0x00007ffb3ee9f2f8 is an unknown value
RCX=0x0000000000000000 is an unknown value
RDX=0xffffffffffffffff is an unknown value
RSP=0x000000c71bdecba0 is pointing into the stack for thread: 0x000002635766a800
RBP=0x000000c71bdece59 is pointing into the stack for thread: 0x000002635766a800
RSI=0x000000c71bdecd60 is pointing into the stack for thread: 0x000002635766a800
RDI=0x0000000019930520 is an unknown value
R8 =0x000000c71bdec4e9 is pointing into the stack for thread: 0x000002635766a800
R9 =0x0000000000000002 is an unknown value
R10=0x00007ffbb3d7b3c7 is an unknown value
R11=0x000002634e9e0000 is an unknown value
R12=0x000000c71bdecee8 is pointing into the stack for thread: 0x000002635766a800
R13=0x0000026355364660 is an unknown value
R14=0x000002637521bd68 is an unknown value
R15=0x0000026355369c18 is an unknown value


Stack: [0x000000c71bc00000,0x000000c71bdf0000],  sp=0x000000c71bdecba0,  free space=1970k
Native frames: (J=compiled Java code, j=interpreted, Vv=VM code, C=native code)
C  [KERNELBASE.dll+0x34fd9]
C  [VCRUNTIME140.dll+0x6480]
C  0x00007ffb3ee5e9b7
C  0x00007ffb3ee6807a
C  0x00007ffb3ee59645
C  0x00000263577b9f2e

Java frames: (J=compiled Java code, j=interpreted, Vv=VM code)
j  org.jpype.manager.TypeFactoryNative.newWrapper(JJ)V+0
j  org.jpype.JPypeContext.newWrapper(J)V+16
v  ~StubRoutines::call_stub
j  org.jpype.manager.TypeFactoryNative.newWrapper(JJ)V+0
j  org.jpype.JPypeContext.newWrapper(J)V+16
v  ~StubRoutines::call_stub

---------------  P R O C E S S  ---------------

Java Threads: ( => current thread )
  0x00000263744b9000 JavaThread "SIGINT handler" daemon [_thread_blocked, id=18008, stack(0x000000c71ea80000,0x000000c71ec70000)]
  0x0000026372729800 JavaThread "Service Thread" daemon [_thread_blocked, id=6828, stack(0x000000c71e4b0000,0x000000c71e6a0000)]
  0x000002637269f000 JavaThread "C1 CompilerThread3" daemon [_thread_blocked, id=4088, stack(0x000000c71e2c0000,0x000000c71e4b0000)]
  0x000002637269a800 JavaThread "C2 CompilerThread2" daemon [_thread_blocked, id=2916, stack(0x000000c71e0d0000,0x000000c71e2c0000)]
  0x0000026372699800 JavaThread "C2 CompilerThread1" daemon [_thread_blocked, id=5472, stack(0x000000c71dee0000,0x000000c71e0d0000)]
  0x0000026372695800 JavaThread "C2 CompilerThread0" daemon [_thread_blocked, id=20248, stack(0x000000c71dcf0000,0x000000c71dee0000)]
  0x0000026372693800 JavaThread "Attach Listener" daemon [_thread_blocked, id=16860, stack(0x000000c71db00000,0x000000c71dcf0000)]
  0x0000026372692800 JavaThread "Signal Dispatcher" daemon [_thread_blocked, id=17564, stack(0x000000c71d910000,0x000000c71db00000)]
  0x0000026372678000 JavaThread "Finalizer" daemon [_thread_blocked, id=14436, stack(0x000000c71d720000,0x000000c71d910000)]
  0x0000026372650800 JavaThread "Reference Handler" daemon [_thread_blocked, id=9740, stack(0x000000c71d530000,0x000000c71d720000)]
=>0x000002635766a800 JavaThread "main" [_thread_in_native, id=15404, stack(0x000000c71bc00000,0x000000c71bdf0000)]

Other Threads:
  0x0000026370967000 VMThread [stack: 0x000000c71d340000,0x000000c71d530000] [id=10308]
  0x00000263727f4000 WatcherThread [stack: 0x000000c71e6a0000,0x000000c71e890000] [id=15940]

VM state:not at safepoint (normal execution)

VM Mutex/Monitor currently owned by a thread: None

heap address: 0x00000006c2e00000, size: 4050 MB, Compressed Oops mode: Zero based, Oop shift amount: 3
Narrow klass base: 0x0000000000000000, Narrow klass shift: 3
Compressed class space size: 1073741824 Address: 0x00000007c0000000

Heap:
 PSYoungGen      total 75776K, used 4735K [0x000000076ba00000, 0x0000000770e80000, 0x00000007c0000000)
  eden space 65024K, 7% used [0x000000076ba00000,0x000000076be9fc60,0x000000076f980000)
  from space 10752K, 0% used [0x000000076f980000,0x000000076f980000,0x0000000770400000)
  to   space 10752K, 0% used [0x0000000770400000,0x0000000770400000,0x0000000770e80000)
 ParOldGen       total 173568K, used 4885K [0x00000006c2e00000, 0x00000006cd780000, 0x000000076ba00000)
  object space 173568K, 2% used [0x00000006c2e00000,0x00000006c32c54f0,0x00000006cd780000)
 Metaspace       used 6431K, capacity 6630K, committed 6784K, reserved 1056768K
  class space    used 753K, capacity 835K, committed 896K, reserved 1048576K

Card table byte_map: [0x0000026366b60000,0x0000026367350000] byte_map_base: 0x0000026363549000

Marking Bits: (ParMarkBitMap*) 0x00000000011e5ce0
 Begin Bits: [0x00000263678a0000, 0x000002636b7e8000)
 End Bits:   [0x000002636b7e8000, 0x000002636f730000)

Polling page: 0x0000026357750000

CodeCache: size=245760Kb used=4017Kb max_used=4051Kb free=241742Kb
 bounds [0x00000263577a0000, 0x0000026357ba0000, 0x00000263667a0000]
 total_blobs=1324 nmethods=988 adapters=249
 compilation: enabled

Compilation events (10 events):
Event: 1.525 Thread 0x000002637269f000  982       1       java.lang.ref.Finalizer::access$000 (4 bytes)
Event: 1.526 Thread 0x000002637269f000 nmethod 982 0x0000026357b62690 code [0x0000026357b627e0, 0x0000026357b628d8]
Event: 1.526 Thread 0x000002637269f000  983       3       java.util.zip.ZipFile$ZipFileInputStream::finalize (5 bytes)
Event: 1.526 Thread 0x000002637269f000 nmethod 983 0x0000026357b6f250 code [0x0000026357b6f3c0, 0x0000026357b6f550]
Event: 1.526 Thread 0x000002637269f000  984       3       java.util.zip.ZipFile$ZipFileInflaterInputStream::finalize (5 bytes)
Event: 1.526 Thread 0x000002637269f000 nmethod 984 0x0000026357b6f5d0 code [0x0000026357b6f740, 0x0000026357b6f8d0]
Event: 1.528 Thread 0x000002637269a800 nmethod 978 0x0000026357b72f50 code [0x0000026357b730e0, 0x0000026357b736c8]
Event: 1.528 Thread 0x000002637269a800  981       4       java.lang.Class::arrayContentsEq (70 bytes)
Event: 1.529 Thread 0x000002637269a800 nmethod 981 0x0000026357b6ffd0 code [0x0000026357b70100, 0x0000026357b701d8]
Event: 1.548 Thread 0x0000026372699800 nmethod 818 0x0000026357b79950 code [0x0000026357b79ea0, 0x0000026357b7e350]

GC Heap History (10 events):
Event: 1.205 GC heap before
{Heap before GC invocations=2 (full 1):
 PSYoungGen      total 75776K, used 5058K [0x000000076ba00000, 0x0000000770e80000, 0x00000007c0000000)
  eden space 65024K, 0% used [0x000000076ba00000,0x000000076ba00000,0x000000076f980000)
  from space 10752K, 47% used [0x000000076f980000,0x000000076fe70a88,0x0000000770400000)
  to   space 10752K, 0% used [0x0000000770400000,0x0000000770400000,0x0000000770e80000)
 ParOldGen       total 173568K, used 8K [0x00000006c2e00000, 0x00000006cd780000, 0x000000076ba00000)
  object space 173568K, 0% used [0x00000006c2e00000,0x00000006c2e02000,0x00000006cd780000)
 Metaspace       used 4417K, capacity 4770K, committed 4992K, reserved 1056768K
  class space    used 472K, capacity 529K, committed 640K, reserved 1048576K
Event: 1.213 GC heap after
Heap after GC invocations=2 (full 1):
 PSYoungGen      total 75776K, used 0K [0x000000076ba00000, 0x0000000770e80000, 0x00000007c0000000)
  eden space 65024K, 0% used [0x000000076ba00000,0x000000076ba00000,0x000000076f980000)
  from space 10752K, 0% used [0x000000076f980000,0x000000076f980000,0x0000000770400000)
  to   space 10752K, 0% used [0x0000000770400000,0x0000000770400000,0x0000000770e80000)
 ParOldGen       total 173568K, used 4742K [0x00000006c2e00000, 0x00000006cd780000, 0x000000076ba00000)
  object space 173568K, 2% used [0x00000006c2e00000,0x00000006c32a1ba8,0x00000006cd780000)
 Metaspace       used 4417K, capacity 4770K, committed 4992K, reserved 1056768K
  class space    used 472K, capacity 529K, committed 640K, reserved 1048576K
}
Event: 1.242 GC heap before
{Heap before GC invocations=3 (full 1):
 PSYoungGen      total 75776K, used 3217K [0x000000076ba00000, 0x0000000770e80000, 0x00000007c0000000)
  eden space 65024K, 4% used [0x000000076ba00000,0x000000076bd246c8,0x000000076f980000)
  from space 10752K, 0% used [0x000000076f980000,0x000000076f980000,0x0000000770400000)
  to   space 10752K, 0% used [0x0000000770400000,0x0000000770400000,0x0000000770e80000)
 ParOldGen       total 173568K, used 4742K [0x00000006c2e00000, 0x00000006cd780000, 0x000000076ba00000)
  object space 173568K, 2% used [0x00000006c2e00000,0x00000006c32a1ba8,0x00000006cd780000)
 Metaspace       used 4424K, capacity 4770K, committed 4992K, reserved 1056768K
  class space    used 472K, capacity 529K, committed 640K, reserved 1048576K
Event: 1.242 GC heap after
Heap after GC invocations=3 (full 1):
 PSYoungGen      total 75776K, used 64K [0x000000076ba00000, 0x0000000770e80000, 0x00000007c0000000)
  eden space 65024K, 0% used [0x000000076ba00000,0x000000076ba00000,0x000000076f980000)
  from space 10752K, 0% used [0x0000000770400000,0x0000000770410000,0x0000000770e80000)
  to   space 10752K, 0% used [0x000000076f980000,0x000000076f980000,0x0000000770400000)
 ParOldGen       total 173568K, used 4750K [0x00000006c2e00000, 0x00000006cd780000, 0x000000076ba00000)
  object space 173568K, 2% used [0x00000006c2e00000,0x00000006c32a3ba8,0x00000006cd780000)
 Metaspace       used 4424K, capacity 4770K, committed 4992K, reserved 1056768K
  class space    used 472K, capacity 529K, committed 640K, reserved 1048576K
}
Event: 1.242 GC heap before
{Heap before GC invocations=4 (full 2):
 PSYoungGen      total 75776K, used 64K [0x000000076ba00000, 0x0000000770e80000, 0x00000007c0000000)
  eden space 65024K, 0% used [0x000000076ba00000,0x000000076ba00000,0x000000076f980000)
  from space 10752K, 0% used [0x0000000770400000,0x0000000770410000,0x0000000770e80000)
  to   space 10752K, 0% used [0x000000076f980000,0x000000076f980000,0x0000000770400000)
 ParOldGen       total 173568K, used 4750K [0x00000006c2e00000, 0x00000006cd780000, 0x000000076ba00000)
  object space 173568K, 2% used [0x00000006c2e00000,0x00000006c32a3ba8,0x00000006cd780000)
 Metaspace       used 4424K, capacity 4770K, committed 4992K, reserved 1056768K
  class space    used 472K, capacity 529K, committed 640K, reserved 1048576K
Event: 1.275 GC heap after
Heap after GC invocations=4 (full 2):
 PSYoungGen      total 75776K, used 0K [0x000000076ba00000, 0x0000000770e80000, 0x00000007c0000000)
  eden space 65024K, 0% used [0x000000076ba00000,0x000000076ba00000,0x000000076f980000)
  from space 10752K, 0% used [0x0000000770400000,0x0000000770400000,0x0000000770e80000)
  to   space 10752K, 0% used [0x000000076f980000,0x000000076f980000,0x0000000770400000)
 ParOldGen       total 173568K, used 3280K [0x00000006c2e00000, 0x00000006cd780000, 0x000000076ba00000)
  object space 173568K, 1% used [0x00000006c2e00000,0x00000006c31342f8,0x00000006cd780000)
 Metaspace       used 4424K, capacity 4770K, committed 4992K, reserved 1056768K
  class space    used 472K, capacity 529K, committed 640K, reserved 1048576K
}
Event: 1.495 GC heap before
{Heap before GC invocations=5 (full 2):
 PSYoungGen      total 75776K, used 27357K [0x000000076ba00000, 0x0000000770e80000, 0x00000007c0000000)
  eden space 65024K, 42% used [0x000000076ba00000,0x000000076d4b7780,0x000000076f980000)
  from space 10752K, 0% used [0x0000000770400000,0x0000000770400000,0x0000000770e80000)
  to   space 10752K, 0% used [0x000000076f980000,0x000000076f980000,0x0000000770400000)
 ParOldGen       total 173568K, used 3280K [0x00000006c2e00000, 0x00000006cd780000, 0x000000076ba00000)
  object space 173568K, 1% used [0x00000006c2e00000,0x00000006c31342f8,0x00000006cd780000)
 Metaspace       used 6414K, capacity 6630K, committed 6784K, reserved 1056768K
  class space    used 750K, capacity 835K, committed 896K, reserved 1048576K
Event: 1.496 GC heap after
Heap after GC invocations=5 (full 2):
 PSYoungGen      total 75776K, used 1794K [0x000000076ba00000, 0x0000000770e80000, 0x00000007c0000000)
  eden space 65024K, 0% used [0x000000076ba00000,0x000000076ba00000,0x000000076f980000)
  from space 10752K, 16% used [0x000000076f980000,0x000000076fb40af8,0x0000000770400000)
  to   space 10752K, 0% used [0x0000000770400000,0x0000000770400000,0x0000000770e80000)
 ParOldGen       total 173568K, used 3288K [0x00000006c2e00000, 0x00000006cd780000, 0x000000076ba00000)
  object space 173568K, 1% used [0x00000006c2e00000,0x00000006c31362f8,0x00000006cd780000)
 Metaspace       used 6414K, capacity 6630K, committed 6784K, reserved 1056768K
  class space    used 750K, capacity 835K, committed 896K, reserved 1048576K
}
Event: 1.496 GC heap before
{Heap before GC invocations=6 (full 3):
 PSYoungGen      total 75776K, used 1794K [0x000000076ba00000, 0x0000000770e80000, 0x00000007c0000000)
  eden space 65024K, 0% used [0x000000076ba00000,0x000000076ba00000,0x000000076f980000)
  from space 10752K, 16% used [0x000000076f980000,0x000000076fb40af8,0x0000000770400000)
  to   space 10752K, 0% used [0x0000000770400000,0x0000000770400000,0x0000000770e80000)
 ParOldGen       total 173568K, used 3288K [0x00000006c2e00000, 0x00000006cd780000, 0x000000076ba00000)
  object space 173568K, 1% used [0x00000006c2e00000,0x00000006c31362f8,0x00000006cd780000)
 Metaspace       used 6414K, capacity 6630K, committed 6784K, reserved 1056768K
  class space    used 750K, capacity 835K, committed 896K, reserved 1048576K
Event: 1.525 GC heap after
Heap after GC invocations=6 (full 3):
 PSYoungGen      total 75776K, used 0K [0x000000076ba00000, 0x0000000770e80000, 0x00000007c0000000)
  eden space 65024K, 0% used [0x000000076ba00000,0x000000076ba00000,0x000000076f980000)
  from space 10752K, 0% used [0x000000076f980000,0x000000076f980000,0x0000000770400000)
  to   space 10752K, 0% used [0x0000000770400000,0x0000000770400000,0x0000000770e80000)
 ParOldGen       total 173568K, used 4885K [0x00000006c2e00000, 0x00000006cd780000, 0x000000076ba00000)
  object space 173568K, 2% used [0x00000006c2e00000,0x00000006c32c54f0,0x00000006cd780000)
 Metaspace       used 6414K, capacity 6630K, committed 6784K, reserved 1056768K
  class space    used 750K, capacity 835K, committed 896K, reserved 1048576K
}

Deoptimization events (10 events):
Event: 0.943 Thread 0x000002635766a800 Uncommon trap: reason=unstable_if action=reinterpret pc=0x00000263579a9344 method=java.util.StringTokenizer.skipDelimiters(I)I @ 64
Event: 0.943 Thread 0x000002635766a800 Uncommon trap: reason=unstable_if action=reinterpret pc=0x000002635790d9f8 method=java.util.StringTokenizer.scanToken(I)I @ 42
Event: 0.944 Thread 0x000002635766a800 Uncommon trap: reason=unstable_if action=reinterpret pc=0x00000263578b4c34 method=java.lang.String.hashCode()I @ 14
Event: 0.952 Thread 0x000002635766a800 Uncommon trap: reason=unstable_if action=reinterpret pc=0x00000263579a31b4 method=java.util.HashMap.getNode(ILjava/lang/Object;)Ljava/util/HashMap$Node; @ 62
Event: 1.432 Thread 0x000002635766a800 Uncommon trap: reason=unstable_if action=reinterpret pc=0x0000026357ac4d48 method=java.lang.Class.searchMethods([Ljava/lang/reflect/Method;Ljava/lang/String;[Ljava/lang/Class;)Ljava/lang/reflect/Method; @ 47
Event: 1.453 Thread 0x000002635766a800 Uncommon trap: reason=unstable_if action=reinterpret pc=0x0000026357b29d8c method=org.jpype.manager.TypeManager.isBeanMutator(Ljava/lang/reflect/Method;)Z @ 45
Event: 1.458 Thread 0x000002635766a800 Uncommon trap: reason=class_check action=maybe_recompile pc=0x0000026357b0fe40 method=java.util.Arrays.copyOf([Ljava/lang/Object;ILjava/lang/Class;)[Ljava/lang/Object; @ 24
Event: 1.460 Thread 0x000002635766a800 Uncommon trap: reason=class_check action=maybe_recompile pc=0x0000026357b0fe40 method=java.util.Arrays.copyOf([Ljava/lang/Object;ILjava/lang/Class;)[Ljava/lang/Object; @ 24
Event: 1.462 Thread 0x000002635766a800 Uncommon trap: reason=class_check action=maybe_recompile pc=0x0000026357b0fe40 method=java.util.Arrays.copyOf([Ljava/lang/Object;ILjava/lang/Class;)[Ljava/lang/Object; @ 24
Event: 1.462 Thread 0x000002635766a800 Uncommon trap: reason=class_check action=maybe_recompile pc=0x0000026357b0fe40 method=java.util.Arrays.copyOf([Ljava/lang/Object;ILjava/lang/Class;)[Ljava/lang/Object; @ 24

Classes redefined (0 events):
No events

Internal exceptions (10 events):
Event: 0.942 Thread 0x000002635766a800 Exception <a 'java/security/PrivilegedActionException'> (0x000000076dff86a8) thrown at [C:\re\workspace\8-2-build-windows-amd64-cygwin\jdk8u212\12974\hotspot\src\share\vm\prims\jvm.cpp, line 1502]
Event: 0.942 Thread 0x000002635766a800 Exception <a 'java/security/PrivilegedActionException'> (0x000000076dffa958) thrown at [C:\re\workspace\8-2-build-windows-amd64-cygwin\jdk8u212\12974\hotspot\src\share\vm\prims\jvm.cpp, line 1502]
Event: 0.942 Thread 0x000002635766a800 Exception <a 'java/security/PrivilegedActionException'> (0x000000076dffab68) thrown at [C:\re\workspace\8-2-build-windows-amd64-cygwin\jdk8u212\12974\hotspot\src\share\vm\prims\jvm.cpp, line 1502]
Event: 0.942 Thread 0x000002635766a800 Exception <a 'java/security/PrivilegedActionException'> (0x000000076dffc340) thrown at [C:\re\workspace\8-2-build-windows-amd64-cygwin\jdk8u212\12974\hotspot\src\share\vm\prims\jvm.cpp, line 1502]
Event: 0.942 Thread 0x000002635766a800 Exception <a 'java/security/PrivilegedActionException'> (0x000000076dffc550) thrown at [C:\re\workspace\8-2-build-windows-amd64-cygwin\jdk8u212\12974\hotspot\src\share\vm\prims\jvm.cpp, line 1502]
Event: 0.942 Thread 0x000002635766a800 Exception <a 'java/security/PrivilegedActionException'> (0x000000076dffdca8) thrown at [C:\re\workspace\8-2-build-windows-amd64-cygwin\jdk8u212\12974\hotspot\src\share\vm\prims\jvm.cpp, line 1502]
Event: 0.942 Thread 0x000002635766a800 Exception <a 'java/security/PrivilegedActionException'> (0x000000076dffdeb8) thrown at [C:\re\workspace\8-2-build-windows-amd64-cygwin\jdk8u212\12974\hotspot\src\share\vm\prims\jvm.cpp, line 1502]
Event: 0.942 Thread 0x000002635766a800 Exception <a 'java/lang/NoClassDefFoundError': org/jpype/classloader/DynamicClassLoader> (0x000000076e006dd0) thrown at [C:\re\workspace\8-2-build-windows-amd64-cygwin\jdk8u212\12974\hotspot\src\share\vm\classfile\systemDictionary.cpp, line 199]
Event: 1.475 Thread 0x000002635766a800 Exception <a 'java/lang/NoSuchFieldError': method resolution failed> (0x000000076d1ff810) thrown at [C:\re\workspace\8-2-build-windows-amd64-cygwin\jdk8u212\12974\hotspot\src\share\vm\prims\methodHandles.cpp, line 1167]
Event: 1.477 Thread 0x000002635766a800 Exception <a 'java/lang/NoSuchFieldError': method resolution failed> (0x000000076d20cb30) thrown at [C:\re\workspace\8-2-build-windows-amd64-cygwin\jdk8u212\12974\hotspot\src\share\vm\prims\methodHandles.cpp, line 1167]

Events (10 events):
Event: 1.526 loading class java/util/IdentityHashMap$KeyIterator
Event: 1.526 loading class java/util/IdentityHashMap$IdentityHashMapIterator
Event: 1.526 loading class java/util/IdentityHashMap$IdentityHashMapIterator done
Event: 1.526 loading class java/util/IdentityHashMap$KeyIterator done
Event: 1.526 Thread 0x00000263744ba000 Thread added: 0x00000263744ba000
Event: 1.536 loading class java/util/concurrent/locks/AbstractOwnableSynchronizer
Event: 1.536 loading class java/util/concurrent/locks/AbstractOwnableSynchronizer done
Event: 1.536 Executing VM operation: ThreadDump
Event: 1.536 Executing VM operation: ThreadDump done
Event: 1.559 Thread 0x0000026373dbf000 Thread exited: 0x0000026373dbf000


Dynamic libraries:
0x00007ff75e740000 - 0x00007ff75e75c000 	C:\Users\nicol\.conda\envs\abba-brainglobe-deepslice\python.exe
0x00007ffbb3d50000 - 0x00007ffbb3f48000 	C:\WINDOWS\SYSTEM32\ntdll.dll
0x00007ffbb2760000 - 0x00007ffbb281d000 	C:\WINDOWS\System32\KERNEL32.DLL
0x00007ffbb1a80000 - 0x00007ffbb1d4e000 	C:\WINDOWS\System32\KERNELBASE.dll
0x00007ffbb1790000 - 0x00007ffbb1890000 	C:\WINDOWS\System32\ucrtbase.dll
0x00007ffb94970000 - 0x00007ffb9498b000 	C:\Users\nicol\.conda\envs\abba-brainglobe-deepslice\VCRUNTIME140.dll
0x00007ffb3f460000 - 0x00007ffb3f8d3000 	C:\Users\nicol\.conda\envs\abba-brainglobe-deepslice\python37.dll
0x00007ffbb1fb0000 - 0x00007ffbb2005000 	C:\WINDOWS\System32\SHLWAPI.dll
0x00007ffbb37c0000 - 0x00007ffbb385e000 	C:\WINDOWS\System32\msvcrt.dll
0x00007ffba5230000 - 0x00007ffba523a000 	C:\WINDOWS\SYSTEM32\VERSION.dll
0x00007ffbb3c70000 - 0x00007ffbb3cdb000 	C:\WINDOWS\System32\WS2_32.dll
0x00007ffbb32b0000 - 0x00007ffbb33d5000 	C:\WINDOWS\System32\RPCRT4.dll
0x00007ffbb33e0000 - 0x00007ffbb348e000 	C:\WINDOWS\System32\ADVAPI32.dll
0x00007ffbb3040000 - 0x00007ffbb30dc000 	C:\WINDOWS\System32\sechost.dll
0x00007ffbb0e20000 - 0x00007ffbb0e38000 	C:\WINDOWS\SYSTEM32\CRYPTSP.dll
0x00007ffbb0540000 - 0x00007ffbb0574000 	C:\WINDOWS\system32\rsaenh.dll
0x00007ffbb1d50000 - 0x00007ffbb1d77000 	C:\WINDOWS\System32\bcrypt.dll
0x00007ffbb0e40000 - 0x00007ffbb0e4c000 	C:\WINDOWS\SYSTEM32\CRYPTBASE.dll
0x00007ffbb19f0000 - 0x00007ffbb1a72000 	C:\WINDOWS\System32\bcryptPrimitives.dll
0x00007ffba6d60000 - 0x00007ffba6d6f000 	C:\Users\nicol\.conda\envs\abba-brainglobe-deepslice\python3.DLL
0x00007ffb8eaa0000 - 0x00007ffb8eab8000 	C:\Users\nicol\.conda\envs\abba-brainglobe-deepslice\DLLs\_bz2.pyd
0x00007ffb8b450000 - 0x00007ffb8b480000 	C:\Users\nicol\.conda\envs\abba-brainglobe-deepslice\DLLs\_lzma.pyd
0x00007ffb96c80000 - 0x00007ffb96c8d000 	C:\Users\nicol\.conda\envs\abba-brainglobe-deepslice\DLLs\_hashlib.pyd
0x00007ffb438f0000 - 0x00007ffb43c3b000 	C:\Users\nicol\.conda\envs\abba-brainglobe-deepslice\Library\bin\libcrypto-1_1-x64.dll
0x00007ffbb35c0000 - 0x00007ffbb3760000 	C:\WINDOWS\System32\USER32.dll
0x00007ffbb1d80000 - 0x00007ffbb1da2000 	C:\WINDOWS\System32\win32u.dll
0x00007ffbb3ce0000 - 0x00007ffbb3d0a000 	C:\WINDOWS\System32\GDI32.dll
0x00007ffbb1530000 - 0x00007ffbb163b000 	C:\WINDOWS\System32\gdi32full.dll
0x00007ffbb1640000 - 0x00007ffbb16dd000 	C:\WINDOWS\System32\msvcp_win.dll
0x00007ffbb2a60000 - 0x00007ffbb2a90000 	C:\WINDOWS\System32\IMM32.DLL
0x00007ffb8cc00000 - 0x00007ffb8cc15000 	C:\Users\nicol\.conda\envs\abba-brainglobe-deepslice\DLLs\_socket.pyd
0x00007ffb949e0000 - 0x00007ffb949e9000 	C:\Users\nicol\.conda\envs\abba-brainglobe-deepslice\DLLs\select.pyd
0x00007ffb89070000 - 0x00007ffb8908f000 	C:\Users\nicol\.conda\envs\abba-brainglobe-deepslice\DLLs\_ssl.pyd
0x00007ffbb1890000 - 0x00007ffbb19e6000 	C:\WINDOWS\System32\CRYPT32.dll
0x00007ffb7bee0000 - 0x00007ffb7bf8c000 	C:\Users\nicol\.conda\envs\abba-brainglobe-deepslice\Library\bin\libssl-1_1-x64.dll
0x00007ffbb0c30000 - 0x00007ffbb0c9a000 	C:\WINDOWS\system32\mswsock.dll
0x00007ffb8ea90000 - 0x00007ffb8ea99000 	C:\Users\nicol\.conda\envs\abba-brainglobe-deepslice\DLLs\_queue.pyd
0x00007ffb73760000 - 0x00007ffb73893000 	C:\Users\nicol\.conda\envs\abba-brainglobe-deepslice\lib\site-packages\unicodedata2.pyd
0x00007ffb4eec0000 - 0x00007ffb4efc9000 	C:\Users\nicol\.conda\envs\abba-brainglobe-deepslice\DLLs\unicodedata.pyd
0x00007ffb7b870000 - 0x00007ffb7b8bb000 	C:\Users\nicol\.conda\envs\abba-brainglobe-deepslice\DLLs\_decimal.pyd
0x00007ffb430f0000 - 0x00007ffb4333e000 	C:\Users\nicol\.conda\envs\abba-brainglobe-deepslice\lib\site-packages\numpy\core\_multiarray_umath.cp37-win_amd64.pyd
0x00007ffb3b380000 - 0x00007ffb3cc42000 	C:\Users\nicol\.conda\envs\abba-brainglobe-deepslice\Library\bin\libcblas.dll
0x00007ffb84a50000 - 0x00007ffb84a64000 	C:\Users\nicol\.conda\envs\abba-brainglobe-deepslice\lib\site-packages\numpy\core\_multiarray_tests.cp37-win_amd64.pyd
0x00007ffb7c2a0000 - 0x00007ffb7c2c3000 	C:\Users\nicol\.conda\envs\abba-brainglobe-deepslice\DLLs\_ctypes.pyd
0x00007ffbb3490000 - 0x00007ffbb35ba000 	C:\WINDOWS\System32\ole32.dll
0x00007ffbb3910000 - 0x00007ffbb3c64000 	C:\WINDOWS\System32\combase.dll
0x00007ffbb30f0000 - 0x00007ffbb31bd000 	C:\WINDOWS\System32\OLEAUT32.dll
0x00007ffb8b1e0000 - 0x00007ffb8b1e9000 	C:\Users\nicol\.conda\envs\abba-brainglobe-deepslice\lib\site-packages\numpy\linalg\lapack_lite.cp37-win_amd64.pyd
0x00007ffb379b0000 - 0x00007ffb39272000 	C:\Users\nicol\.conda\envs\abba-brainglobe-deepslice\Library\bin\liblapack.dll
0x00007ffb81870000 - 0x00007ffb8188b000 	C:\Users\nicol\.conda\envs\abba-brainglobe-deepslice\lib\site-packages\numpy\linalg\_umath_linalg.cp37-win_amd64.pyd
0x00007ffb360e0000 - 0x00007ffb379a2000 	C:\Users\nicol\.conda\envs\abba-brainglobe-deepslice\Library\bin\libblas.dll
0x00007ffb7c600000 - 0x00007ffb7c61e000 	C:\Users\nicol\.conda\envs\abba-brainglobe-deepslice\lib\site-packages\numpy\fft\_pocketfft_internal.cp37-win_amd64.pyd
0x00007ffb78ce0000 - 0x00007ffb78d6a000 	C:\Users\nicol\.conda\envs\abba-brainglobe-deepslice\lib\site-packages\numpy\random\mtrand.cp37-win_amd64.pyd
0x00007ffb7bde0000 - 0x00007ffb7be05000 	C:\Users\nicol\.conda\envs\abba-brainglobe-deepslice\lib\site-packages\numpy\random\bit_generator.cp37-win_amd64.pyd
0x00007ffb7bac0000 - 0x00007ffb7baee000 	C:\Users\nicol\.conda\envs\abba-brainglobe-deepslice\lib\site-packages\numpy\random\_common.cp37-win_amd64.pyd
0x00007ffb7b830000 - 0x00007ffb7b86c000 	C:\Users\nicol\.conda\envs\abba-brainglobe-deepslice\lib\site-packages\numpy\random\_bounded_integers.cp37-win_amd64.pyd
0x00007ffb7bec0000 - 0x00007ffb7bed5000 	C:\Users\nicol\.conda\envs\abba-brainglobe-deepslice\lib\site-packages\numpy\random\_mt19937.cp37-win_amd64.pyd
0x00007ffb7b620000 - 0x00007ffb7b634000 	C:\Users\nicol\.conda\envs\abba-brainglobe-deepslice\lib\site-packages\numpy\random\_philox.cp37-win_amd64.pyd
0x00007ffb7ad40000 - 0x00007ffb7ad57000 	C:\Users\nicol\.conda\envs\abba-brainglobe-deepslice\lib\site-packages\numpy\random\_pcg64.cp37-win_amd64.pyd
0x00007ffb8a680000 - 0x00007ffb8a690000 	C:\Users\nicol\.conda\envs\abba-brainglobe-deepslice\lib\site-packages\numpy\random\_sfc64.cp37-win_amd64.pyd
0x00007ffb78980000 - 0x00007ffb78a1f000 	C:\Users\nicol\.conda\envs\abba-brainglobe-deepslice\lib\site-packages\numpy\random\_generator.cp37-win_amd64.pyd
0x00007ffb2ff00000 - 0x00007ffb3335b000 	C:\Users\nicol\.conda\envs\abba-brainglobe-deepslice\Library\bin\mkl_intel_thread.2.dll
0x00007ffb19220000 - 0x00007ffb1dd0a000 	C:\Users\nicol\.conda\envs\abba-brainglobe-deepslice\Library\bin\mkl_core.2.dll
0x00007ffb2d580000 - 0x00007ffb2fef6000 	C:\Users\nicol\.conda\envs\abba-brainglobe-deepslice\Library\bin\mkl_avx2.2.dll
0x00007ffb2c6a0000 - 0x00007ffb2d580000 	C:\Users\nicol\.conda\envs\abba-brainglobe-deepslice\Library\bin\mkl_vml_avx2.2.dll
0x00007ffbb2010000 - 0x00007ffbb2753000 	C:\WINDOWS\System32\shell32.DLL
0x00007ffb4cf50000 - 0x00007ffb4d053000 	C:\Users\nicol\.conda\envs\abba-brainglobe-deepslice\lib\site-packages\pandas\_libs\interval.cp37-win_amd64.pyd
0x00007ffb4c450000 - 0x00007ffb4c583000 	C:\Users\nicol\.conda\envs\abba-brainglobe-deepslice\lib\site-packages\pandas\_libs\hashtable.cp37-win_amd64.pyd
0x00007ffb73cd0000 - 0x00007ffb73cfd000 	C:\Users\nicol\.conda\envs\abba-brainglobe-deepslice\lib\site-packages\pandas\_libs\missing.cp37-win_amd64.pyd
0x00007ffb79500000 - 0x00007ffb7951e000 	C:\Users\nicol\.conda\envs\abba-brainglobe-deepslice\lib\site-packages\pandas\_libs\tslibs\dtypes.cp37-win_amd64.pyd
0x00007ffb7ad00000 - 0x00007ffb7ad3d000 	C:\Users\nicol\.conda\envs\abba-brainglobe-deepslice\lib\site-packages\pandas\_libs\tslibs\conversion.cp37-win_amd64.pyd
0x00007ffb8a650000 - 0x00007ffb8a65f000 	C:\Users\nicol\.conda\envs\abba-brainglobe-deepslice\lib\site-packages\pandas\_libs\tslibs\base.cp37-win_amd64.pyd
0x00007ffb73d60000 - 0x00007ffb73d92000 	C:\Users\nicol\.conda\envs\abba-brainglobe-deepslice\lib\site-packages\pandas\_libs\tslibs\nattype.cp37-win_amd64.pyd
0x00007ffb8a590000 - 0x00007ffb8a59f000 	C:\Users\nicol\.conda\envs\abba-brainglobe-deepslice\lib\site-packages\pandas\_libs\tslibs\np_datetime.cp37-win_amd64.pyd
0x00007ffb73d20000 - 0x00007ffb73d55000 	C:\Users\nicol\.conda\envs\abba-brainglobe-deepslice\lib\site-packages\pandas\_libs\tslibs\timezones.cp37-win_amd64.pyd
0x0000026352e10000 - 0x0000026352e13000 	C:\WINDOWS\SYSTEM32\tzres.dll
0x00007ffb73b00000 - 0x00007ffb73b3c000 	C:\Users\nicol\.conda\envs\abba-brainglobe-deepslice\lib\site-packages\pandas\_libs\tslibs\tzconversion.cp37-win_amd64.pyd
0x00007ffb78960000 - 0x00007ffb78972000 	C:\Users\nicol\.conda\envs\abba-brainglobe-deepslice\lib\site-packages\pandas\_libs\tslibs\ccalendar.cp37-win_amd64.pyd
0x00007ffb66140000 - 0x00007ffb66193000 	C:\Users\nicol\.conda\envs\abba-brainglobe-deepslice\lib\site-packages\pandas\_libs\tslibs\parsing.cp37-win_amd64.pyd
0x00007ffb65220000 - 0x00007ffb652e7000 	C:\Users\nicol\.conda\envs\abba-brainglobe-deepslice\lib\site-packages\pandas\_libs\tslibs\offsets.cp37-win_amd64.pyd
0x00007ffb660e0000 - 0x00007ffb66140000 	C:\Users\nicol\.conda\envs\abba-brainglobe-deepslice\lib\site-packages\pandas\_libs\tslibs\timedeltas.cp37-win_amd64.pyd
0x00007ffb65070000 - 0x00007ffb650b2000 	C:\Users\nicol\.conda\envs\abba-brainglobe-deepslice\lib\site-packages\pandas\_libs\tslibs\fields.cp37-win_amd64.pyd
0x00007ffb64fe0000 - 0x00007ffb6502d000 	C:\Users\nicol\.conda\envs\abba-brainglobe-deepslice\lib\site-packages\pandas\_libs\tslibs\strptime.cp37-win_amd64.pyd
0x00007ffb4ee50000 - 0x00007ffb4eeb8000 	C:\Users\nicol\.conda\envs\abba-brainglobe-deepslice\lib\site-packages\pandas\_libs\tslibs\timestamps.cp37-win_amd64.pyd
0x00007ffb74030000 - 0x00007ffb74043000 	C:\Users\nicol\.conda\envs\abba-brainglobe-deepslice\lib\site-packages\pandas\_libs\properties.cp37-win_amd64.pyd
0x00007ffb4ecb0000 - 0x00007ffb4ed0a000 	C:\Users\nicol\.conda\envs\abba-brainglobe-deepslice\lib\site-packages\pandas\_libs\tslibs\period.cp37-win_amd64.pyd
0x00007ffb65b20000 - 0x00007ffb65b54000 	C:\Users\nicol\.conda\envs\abba-brainglobe-deepslice\lib\site-packages\pandas\_libs\tslibs\vectorized.cp37-win_amd64.pyd
0x00007ffb73d00000 - 0x00007ffb73d12000 	C:\Users\nicol\.conda\envs\abba-brainglobe-deepslice\lib\site-packages\pandas\_libs\ops_dispatch.cp37-win_amd64.pyd
0x00007ffb42fa0000 - 0x00007ffb430e1000 	C:\Users\nicol\.conda\envs\abba-brainglobe-deepslice\lib\site-packages\pandas\_libs\algos.cp37-win_amd64.pyd
0x00007ffb4e600000 - 0x00007ffb4e678000 	C:\Users\nicol\.conda\envs\abba-brainglobe-deepslice\lib\site-packages\pandas\_libs\lib.cp37-win_amd64.pyd
0x00007ffb690f0000 - 0x00007ffb69116000 	C:\Users\nicol\.conda\envs\abba-brainglobe-deepslice\lib\site-packages\pandas\_libs\tslib.cp37-win_amd64.pyd
0x00007ffb5b2d0000 - 0x00007ffb5b2fb000 	C:\Users\nicol\.conda\envs\abba-brainglobe-deepslice\lib\site-packages\pandas\_libs\hashing.cp37-win_amd64.pyd
0x00007ffb4e4c0000 - 0x00007ffb4e4f3000 	C:\Users\nicol\.conda\envs\abba-brainglobe-deepslice\lib\site-packages\pandas\_libs\ops.cp37-win_amd64.pyd
0x00007ffb73cb0000 - 0x00007ffb73cc8000 	C:\Users\nicol\.conda\envs\abba-brainglobe-deepslice\lib\site-packages\pandas\_libs\arrays.cp37-win_amd64.pyd
0x00007ffb4e090000 - 0x00007ffb4e105000 	C:\Users\nicol\.conda\envs\abba-brainglobe-deepslice\lib\site-packages\pandas\_libs\index.cp37-win_amd64.pyd
0x00007ffb40f20000 - 0x00007ffb410f3000 	C:\Users\nicol\.conda\envs\abba-brainglobe-deepslice\lib\site-packages\pandas\_libs\join.cp37-win_amd64.pyd
0x00007ffb4dde0000 - 0x00007ffb4dea6000 	C:\Users\nicol\.conda\envs\abba-brainglobe-deepslice\lib\site-packages\pandas\_libs\sparse.cp37-win_amd64.pyd
0x00007ffb4e470000 - 0x00007ffb4e4b2000 	C:\Users\nicol\.conda\envs\abba-brainglobe-deepslice\lib\site-packages\pandas\_libs\reduction.cp37-win_amd64.pyd
0x00007ffb89d50000 - 0x00007ffb89d60000 	C:\Users\nicol\.conda\envs\abba-brainglobe-deepslice\lib\site-packages\pandas\_libs\indexing.cp37-win_amd64.pyd
0x00007ffb4e320000 - 0x00007ffb4e364000 	C:\Users\nicol\.conda\envs\abba-brainglobe-deepslice\lib\site-packages\pandas\_libs\internals.cp37-win_amd64.pyd
0x00007ffb4e1b0000 - 0x00007ffb4e1e2000 	C:\Users\nicol\.conda\envs\abba-brainglobe-deepslice\lib\site-packages\pandas\_libs\writers.cp37-win_amd64.pyd
0x00007ffb4e040000 - 0x00007ffb4e08b000 	C:\Users\nicol\.conda\envs\abba-brainglobe-deepslice\lib\site-packages\pandas\_libs\window\aggregations.cp37-win_amd64.pyd
0x00007ffb7bbe0000 - 0x00007ffb7bc6d000 	C:\WINDOWS\SYSTEM32\MSVCP140.dll
0x00007ffba91c0000 - 0x00007ffba91cc000 	C:\WINDOWS\SYSTEM32\VCRUNTIME140_1.dll
0x00007ffb50060000 - 0x00007ffb50089000 	C:\Users\nicol\.conda\envs\abba-brainglobe-deepslice\lib\site-packages\pandas\_libs\window\indexers.cp37-win_amd64.pyd
0x00007ffb4dda0000 - 0x00007ffb4dddd000 	C:\Users\nicol\.conda\envs\abba-brainglobe-deepslice\lib\site-packages\pandas\_libs\reshape.cp37-win_amd64.pyd
0x00007ffb41760000 - 0x00007ffb41847000 	C:\Users\nicol\.conda\envs\abba-brainglobe-deepslice\lib\site-packages\pandas\_libs\groupby.cp37-win_amd64.pyd
0x00007ffb4cee0000 - 0x00007ffb4cf41000 	C:\Users\nicol\.conda\envs\abba-brainglobe-deepslice\lib\site-packages\pandas\_libs\parsers.cp37-win_amd64.pyd
0x00007ffb65720000 - 0x00007ffb65735000 	C:\Users\nicol\.conda\envs\abba-brainglobe-deepslice\lib\site-packages\pandas\_libs\json.cp37-win_amd64.pyd
0x00007ffb65200000 - 0x00007ffb65216000 	C:\Users\nicol\.conda\envs\abba-brainglobe-deepslice\lib\site-packages\pandas\_libs\testing.cp37-win_amd64.pyd
0x000000006e940000 - 0x000000006e97f000 	C:\Users\nicol\.conda\envs\abba-brainglobe-deepslice\lib\site-packages\scipy\.libs\libansari.Y7ANKIMNMVHZXXZWCXL6GFGGYUIM7YOR.gfortran-win_amd64.dll
0x00000000633c0000 - 0x000000006346d000 	C:\Users\nicol\.conda\envs\abba-brainglobe-deepslice\lib\site-packages\scipy\.libs\libbanded5x.EE477OVIVVB73WDV3NJVDMSV2NFVWN77.gfortran-win_amd64.dll
0x0000000064500000 - 0x00000000646cb000 	C:\Users\nicol\.conda\envs\abba-brainglobe-deepslice\lib\site-packages\scipy\.libs\libbispeu.YJDH7DOGGJIZHV5OYV74JETNVTI5YWTY.gfortran-win_amd64.dll
0x000000006fec0000 - 0x000000006fee1000 	C:\Users\nicol\.conda\envs\abba-brainglobe-deepslice\lib\site-packages\scipy\.libs\libblas.563OWOPSQADY6JFKIUAZGC72H6G2PFNI.gfortran-win_amd64.dll
0x00000000641c0000 - 0x000000006426b000 	C:\Users\nicol\.conda\envs\abba-brainglobe-deepslice\lib\site-packages\scipy\.libs\libblkdta00.YKPBYLYJTGD5JMPXHYV325EPU5E3UGCK.gfortran-win_amd64.dll
0x000000006eb40000 - 0x000000006eb99000 	C:\Users\nicol\.conda\envs\abba-brainglobe-deepslice\lib\site-packages\scipy\.libs\libchkder.OWGVWRUNU4VKIRST7TQH42H7WCEEHJBZ.gfortran-win_amd64.dll
0x00000000704c0000 - 0x0000000070568000 	C:\Users\nicol\.conda\envs\abba-brainglobe-deepslice\lib\site-packages\scipy\.libs\libcobyla2.RB2P3RZWNAXGXJACFDQVKBJ6LN4E4SQV.gfortran-win_amd64.dll
0x000000006e540000 - 0x000000006e566000 	C:\Users\nicol\.conda\envs\abba-brainglobe-deepslice\lib\site-packages\scipy\.libs\libdcsrch.JCUR3VDCYWWEHB35HEL32PIL3M3SNQV7.gfortran-win_amd64.dll
0x0000000065440000 - 0x000000006546c000 	C:\Users\nicol\.conda\envs\abba-brainglobe-deepslice\lib\site-packages\scipy\.libs\libdet.RE4FESQUB7NJ3OTEDLPVYYWVBSOV5SXE.gfortran-win_amd64.dll
0x0000000062940000 - 0x0000000062ae2000 	C:\Users\nicol\.conda\envs\abba-brainglobe-deepslice\lib\site-packages\scipy\.libs\libdfft.QRZDJMNDQ5YL3RL76C7UMER3YVILDFUA.gfortran-win_amd64.dll
0x0000000061b40000 - 0x0000000061d0e000 	C:\Users\nicol\.conda\envs\abba-brainglobe-deepslice\lib\site-packages\scipy\.libs\libdfitpack.4BOOIDSD6BIBUUHUTWLOTOFXAMJSEJ7I.gfortran-win_amd64.dll
0x0000000066080000 - 0x0000000066303000 	C:\Users\nicol\.conda\envs\abba-brainglobe-deepslice\lib\site-packages\scipy\.libs\libdgamln.TQXSXW6A73LZV772PRE6MW7R6BFK66PZ.gfortran-win_amd64.dll
0x0000000061740000 - 0x000000006180e000 	C:\Users\nicol\.conda\envs\abba-brainglobe-deepslice\lib\site-packages\scipy\.libs\libdqag.IUC6H7PBZ2IYSX4P2JSMTR5GFU6JA4KH.gfortran-win_amd64.dll
0x0000000068a80000 - 0x0000000068bb4000 	C:\Users\nicol\.conda\envs\abba-brainglobe-deepslice\lib\site-packages\scipy\.libs\libd_odr.P4VHVFSB2PWLZQYOYK5R3KHYOLNOUUBT.gfortran-win_amd64.dll
0x0000000000940000 - 0x00000000009b2000 	C:\Users\nicol\.conda\envs\abba-brainglobe-deepslice\lib\site-packages\scipy\.libs\libgetbreak.C4HHK5QF2GZFDVZZCGLLO54KNFFKCNW4.gfortran-win_amd64.dll
0x00000000708c0000 - 0x0000000070972000 	C:\Users\nicol\.conda\envs\abba-brainglobe-deepslice\lib\site-packages\scipy\.libs\liblbfgsb.HKMGDKT2K5HTXFWZSYX65V7ZTBQV2U76.gfortran-win_amd64.dll
0x0000000063600000 - 0x00000000636ab000 	C:\Users\nicol\.conda\envs\abba-brainglobe-deepslice\lib\site-packages\scipy\.libs\liblsoda-f2.OYRN2LVXBMIHLMAFXU4YY7ECSW5SNY24.gfortran-win_amd64.dll
0x0000000066cc0000 - 0x0000000066dfb000 	C:\Users\nicol\.conda\envs\abba-brainglobe-deepslice\lib\site-packages\scipy\.libs\libmvndst.TNPIB65QGG72YTQZB7VUPCQOWRBIX3LZ.gfortran-win_amd64.dll

VM Arguments:
java_command: <unknown>
java_class_path (initial): C:\Users\nicol\.jgo\net.imagej\imagej\2.9.0\5bf60f67c8b6ef8850ca26386cc6978ea4abd520f023a91ad42187f072077235\aircompressor-0.18.jar;C:\Users\nicol\.jgo\net.imagej\imagej\2.9.0\5bf60f67c8b6ef8850ca26386cc6978ea4abd520f023a91ad42187f072077235\alphanumeric-comparator-1.4.1.jar;C:\Users\nicol\.jgo\net.imagej\imagej\2.9.0\5bf60f67c8b6ef8850ca26386cc6978ea4abd520f023a91ad42187f072077235\animal-sniffer-annotations-1.17.jar;C:\Users\nicol\.jgo\net.imagej\imagej\2.9.0\5bf60f67c8b6ef8850ca26386cc6978ea4abd520f023a91ad42187f072077235\annotations-13.0.jar;C:\Users\nicol\.jgo\net.imagej\imagej\2.9.0\5bf60f67c8b6ef8850ca26386cc6978ea4abd520f023a91ad42187f072077235\ant-1.9.7.jar;C:\Users\nicol\.jgo\net.imagej\imagej\2.9.0\5bf60f67c8b6ef8850ca26386cc6978ea4abd520f023a91ad42187f072077235\ant-launcher-1.9.7.jar;C:\Users\nicol\.jgo\net.imagej\imagej\2.9.0\5bf60f67c8b6ef8850ca26386cc6978ea4abd520f023a91ad42187f072077235\antlr-2.7.7.jar;C:\Users\nicol\.jgo\net.imagej\imagej\2.9.0\5bf60f67c8b6ef8850ca26386cc6978ea4abd520f023a91ad42187f072077235\antlr-3.5.2.jar;C:\Users\nicol\.jgo\net.imagej\imagej\2.9.0\5bf60f67c8b6ef8850ca26386cc6978ea4abd520f023a91ad42187f072077235\antlr-runtime-3.5.2.jar;C:\Users\nicol\.jgo\net.imagej\imagej\2.9.0\5bf60f67c8b6ef8850ca26386cc6978ea4abd520f023a91ad42187f072077235\api-common-1.8.1.jar;C:\Users\nicol\.jgo\net.imagej\imagej\2.9.0\5bf60f67c8b6ef8850ca26386cc6978ea4abd520f023a91ad42187f072077235\asm-7.1.jar;C:\Users\nicol\.jgo\net.imagej\imagej\2.9.0\5bf60f67c8b6ef8850ca26386cc6978ea4abd520f023a91ad42187f072077235\asm-analysis-7.1.jar;C:\Users\nicol\.jgo\net.imagej\imagej\2.9.0\5bf60f67c8b6ef8850ca26386cc6978ea4abd520f023a91ad42187f072077235\asm-commons-7.1.jar;C:\Users\nicol\.jgo\net.imagej\imagej\2.9.0\5bf60f67c8b6ef8850ca26386cc6978ea4abd520f023a91ad42187f072077235\asm-tree-7.1.jar;C:\Users\nicol\.jgo\net.imagej\imagej\2.9.0\5bf60f67c8b6ef8850ca26386cc6978ea4abd520f023a91ad42187f072077235\asm-util-7.1.jar;C:\Users\nicol\.jgo\n
Launcher Type: generic

Environment Variables:
JAVA_HOME=C:\Users\nicol\.conda\envs\abba-brainglobe-deepslice\Library\lib\jvm
PATH=C:\Users\nicol\.conda\envs\abba-brainglobe-deepslice;C:\Users\nicol\.conda\envs\abba-brainglobe-deepslice\Library\mingw-w64\bin;C:\Users\nicol\.conda\envs\abba-brainglobe-deepslice\Library\usr\bin;C:\Users\nicol\.conda\envs\abba-brainglobe-deepslice\Library\bin;C:\Users\nicol\.conda\envs\abba-brainglobe-deepslice\Scripts;C:\Users\nicol\.conda\envs\abba-brainglobe-deepslice\bin;C:\ProgramData\Miniconda3\condabin;C:\Program Files\Java\jdk1.8.0_212\bin;C:\Program Files (x86)\Intel\Intel(R) Management Engine Components\iCLS;C:\Program Files\Intel\Intel(R) Management Engine Components\iCLS;C:\Windows\system32;C:\Windows;C:\Windows\System32\Wbem;C:\Windows\System32\WindowsPowerShell\v1.0;C:\Windows\System32\OpenSSH;C:\Program Files (x86)\NVIDIA Corporation\PhysX\Common;C:\WINDOWS\system32;C:\WINDOWS;C:\WINDOWS\System32\Wbem;C:\WINDOWS\System32\WindowsPowerShell\v1.0;C:\WINDOWS\System32\OpenSSH;C:\Program Files\NVIDIA Corporation\NVIDIA NvDLISR;C:\WINDOWS\system32;C:\WINDOWS;C:\WINDOWS\System32\Wbem;C:\WINDOWS\System32\WindowsPowerShell\v1.0;C:\WINDOWS\System32\OpenSSH;C:\fortravisify\xml;C:\apache-maven-3.6.3\bin;C:\Program Files\dotnet;C:\Program Files\Git\cmd;C:\Users\nicol\AppData\Local\Microsoft\WindowsApps;C:\Users\nicol\AppData\Local\Programs\Microsoft VS Code\bin;C:\Users\nicol\.conda\envs\abba-brainglobe-deepslice\lib\site-packages\scipy\.libs
USERNAME=nicol
OS=Windows_NT
PROCESSOR_IDENTIFIER=Intel64 Family 6 Model 142 Stepping 11, GenuineIntel



---------------  S Y S T E M  ---------------

OS: Windows 10.0 , 64 bit Build 19041 (10.0.19041.1889)

CPU:total 8 (initial active 8) (4 cores per cpu, 2 threads per core) family 6 model 142 stepping 11, cmov, cx8, fxsr, mmx, sse, sse2, sse3, ssse3, sse4.1, sse4.2, popcnt, avx, avx2, aes, clmul, erms, 3dnowpref, lzcnt, ht, tsc, tscinvbit, bmi1, bmi2, adx

Memory: 4k page, physical 16586484k(7044700k free), swap 19601140k(5063996k free)

vm_info: Java HotSpot(TM) 64-Bit Server VM (25.212-b10) for windows-amd64 JRE (1.8.0_212-b10), built on Apr  1 2019 22:50:23 by "java_re" with MS VC++ 10.0 (VS2010)

time: Sun Sep 25 18:41:59 2022
timezone: W. Europe Daylight Time
elapsed time: 1 seconds (0d 0h 0m 1s)

